{
  "RSpec": {
    "coverage": {
      "/Users/MTK/ga_wdi/projects/donde/donde_app/config/environments/test.rb": [
        1,
        null,
        null,
        null,
        null,
        null,
        null,
        1,
        null,
        null,
        1,
        1,
        null,
        null,
        1,
        null,
        null,
        1,
        1,
        null,
        null,
        1,
        null,
        null,
        1,
        null,
        null,
        null,
        null,
        1,
        null,
        null,
        1,
        null,
        null,
        1,
        null
      ],
      "/Users/MTK/ga_wdi/projects/donde/donde_app/config/initializers/backtrace_silencers.rb": [
        null,
        null,
        null,
        null,
        null,
        null,
        null
      ],
      "/Users/MTK/ga_wdi/projects/donde/donde_app/config/initializers/inflections.rb": [
        null,
        null,
        null,
        null,
        null,
        null,
        null,
        null,
        null,
        null,
        null,
        null,
        null,
        null,
        null
      ],
      "/Users/MTK/ga_wdi/projects/donde/donde_app/config/initializers/mime_types.rb": [
        null,
        null,
        null,
        null,
        null
      ],
      "/Users/MTK/ga_wdi/projects/donde/donde_app/config/initializers/secret_token.rb": [
        null,
        null,
        null,
        null,
        null,
        null,
        1
      ],
      "/Users/MTK/ga_wdi/projects/donde/donde_app/config/initializers/session_store.rb": [
        null,
        null,
        1,
        null,
        null,
        null,
        null,
        null
      ],
      "/Users/MTK/ga_wdi/projects/donde/donde_app/config/initializers/wrap_parameters.rb": [
        null,
        null,
        null,
        null,
        null,
        null,
        1,
        1,
        null,
        null,
        null,
        1,
        1,
        null
      ],
      "/Users/MTK/ga_wdi/projects/donde/donde_app/app/controllers/application_controller.rb": [
        1,
        1,
        null,
        1,
        null,
        1,
        0,
        null,
        null,
        1,
        null,
        1,
        0,
        null,
        null,
        null
      ],
      "/Users/MTK/ga_wdi/projects/donde/donde_app/app/helpers/application_helper.rb": [
        1,
        null
      ],
      "/Users/MTK/ga_wdi/projects/donde/donde_app/app/helpers/friendships_helper.rb": [
        1,
        null
      ],
      "/Users/MTK/ga_wdi/projects/donde/donde_app/app/helpers/users_helper.rb": [
        1,
        null
      ],
      "/Users/MTK/ga_wdi/projects/donde/donde_app/app/helpers/welcome_helper.rb": [
        1,
        null
      ],
      "/Users/MTK/ga_wdi/projects/donde/donde_app/app/controllers/friendships_controller.rb": [
        1,
        null,
        1,
        0,
        null,
        null,
        null,
        1,
        0,
        0,
        0,
        0,
        0,
        null,
        0,
        null,
        null,
        null,
        null,
        1,
        0,
        0,
        null,
        null,
        null,
        1,
        null,
        null,
        null,
        1,
        0,
        0,
        0,
        0,
        null,
        0,
        null,
        null,
        null,
        null,
        1,
        0,
        0,
        null,
        0,
        null,
        null,
        null,
        null,
        1,
        0,
        0,
        null,
        null,
        null,
        null
      ],
      "/Users/MTK/ga_wdi/projects/donde/donde_app/app/models/friendship.rb": [
        1,
        1,
        1,
        null
      ],
      "/Users/MTK/ga_wdi/projects/donde/donde_app/app/controllers/session_controller.rb": [
        1,
        null,
        1,
        null,
        null,
        1,
        0,
        0,
        0,
        0,
        0,
        null,
        0,
        null,
        null,
        null,
        1,
        0,
        0,
        null,
        null,
        null,
        null
      ],
      "/Users/MTK/ga_wdi/projects/donde/donde_app/app/controllers/users_controller.rb": [
        1,
        null,
        1,
        0,
        null,
        null,
        1,
        0,
        0,
        0,
        0,
        0,
        0,
        null,
        0,
        null,
        null,
        null,
        1,
        0,
        0,
        0,
        0,
        0,
        0,
        null,
        null
      ],
      "/Users/MTK/ga_wdi/projects/donde/donde_app/app/models/user.rb": [
        1,
        1,
        1,
        1,
        1,
        null,
        1,
        null,
        1,
        null,
        null,
        null,
        null,
        null,
        null,
        null
      ],
      "/Users/MTK/ga_wdi/projects/donde/donde_app/app/controllers/welcome_controller.rb": [
        1,
        1,
        null,
        null
      ],
      "/Users/MTK/ga_wdi/projects/donde/donde_app/config/routes.rb": [
        1,
        1,
        1,
        1,
        null,
        1,
        1,
        1,
        1,
        null,
        1,
        null,
        1,
        null,
        null
      ],
      "/Users/MTK/ga_wdi/projects/donde/donde_app/spec/controllers/users_controller_spec.rb": [
        1,
        null,
        1,
        null,
        null
      ],
      "/Users/MTK/ga_wdi/projects/donde/donde_app/spec/controllers/welcome_controller_spec.rb": [
        1,
        null,
        1,
        null,
        1,
        1,
        0,
        0,
        null,
        null,
        null,
        null
      ],
      "/Users/MTK/ga_wdi/projects/donde/donde_app/spec/helpers/friendships_helper_spec.rb": [
        1,
        null,
        null,
        null,
        null,
        null,
        null,
        null,
        null,
        null,
        null,
        null,
        1,
        1,
        null
      ],
      "/Users/MTK/ga_wdi/projects/donde/donde_app/spec/helpers/users_helper_spec.rb": [
        1,
        null,
        null,
        null,
        null,
        null,
        null,
        null,
        null,
        null,
        null,
        null,
        1,
        1,
        null
      ],
      "/Users/MTK/ga_wdi/projects/donde/donde_app/spec/helpers/welcome_helper_spec.rb": [
        1,
        null,
        null,
        null,
        null,
        null,
        null,
        null,
        null,
        null,
        null,
        null,
        1,
        1,
        null
      ],
      "/Users/MTK/ga_wdi/projects/donde/donde_app/spec/models/friendship_spec.rb": [
        1,
        null,
        1,
        1,
        null
      ],
      "/Users/MTK/ga_wdi/projects/donde/donde_app/spec/models/user_spec.rb": [
        1,
        null,
        1,
        1,
        null
      ],
      "/Users/MTK/ga_wdi/projects/donde/donde_app/spec/views/welcome/index.html.haml_spec.rb": [
        1,
        null,
        1,
        1,
        null
      ]
    },
    "timestamp": 1387213654
  }
}
